<?xml version="1.0" encoding="UTF-8"?>
<!-- Generated by org.testng.reporters.JUnitReportReporter -->
<testsuite hostname="Aishwarya" failures="0" tests="1" name="testRestAPI.TestRunner" time="0.926" errors="0" timestamp="2024-09-27T05:01:51 IST" skipped="0">
  <testcase classname="testRestAPI.TestRunner" name="test" time="0.926"/>
  <system-out/>
</testsuite> <!-- testRestAPI.TestRunner -->
