<?xml version="1.0" encoding="UTF-8"?>
<!-- Generated by org.testng.reporters.JUnitReportReporter -->
<testsuite hostname="Aishwarya" failures="0" tests="1" name="testRestAPI.TestRunner2" time="2.194" errors="0" timestamp="2024-09-27T05:01:51 IST" skipped="0">
  <testcase classname="testRestAPI.TestRunner2" name="test" time="2.194"/>
  <system-out/>
</testsuite> <!-- testRestAPI.TestRunner2 -->
