<?xml version="1.0" encoding="UTF-8"?>
<!-- Generated by org.testng.reporters.JUnitReportReporter -->
<testsuite hostname="Aishwarya" failures="0" tests="1" name="soap.TestRunner2" time="4.554" errors="0" timestamp="2024-09-27T05:15:41 IST" skipped="0">
  <testcase classname="soap.TestRunner2" name="test" time="4.554"/>
  <system-out/>
</testsuite> <!-- soap.TestRunner2 -->
