<?xml version="1.0" encoding="UTF-8"?>
<!-- Generated by org.testng.reporters.JUnitReportReporter -->
<testsuite hostname="Aishwarya" failures="0" tests="1" name="test.TestRunner" time="5.743" errors="0" timestamp="2024-09-27T04:12:33 IST" skipped="0">
  <testcase classname="test.TestRunner" name="test" time="5.743"/>
  <system-out/>
</testsuite> <!-- test.TestRunner -->
