<?xml version="1.0" encoding="UTF-8"?>
<!-- Generated by org.testng.reporters.JUnitReportReporter -->
<testsuite hostname="Aishwarya" failures="0" tests="1" name="testSoap.TestRunner" time="1.195" errors="0" timestamp="2024-09-27T05:01:51 IST" skipped="0">
  <testcase classname="testSoap.TestRunner" name="test" time="1.195"/>
  <system-out/>
</testsuite> <!-- testSoap.TestRunner -->
