<?xml version="1.0" encoding="UTF-8"?>
<!-- Generated by org.testng.reporters.JUnitReportReporter -->
<testsuite hostname="Aishwarya" failures="0" tests="1" name="test.TestRunner2" time="5.080" errors="0" timestamp="2024-09-27T04:25:00 IST" skipped="0">
  <testcase classname="test.TestRunner2" name="test" time="5.080"/>
  <system-out/>
</testsuite> <!-- test.TestRunner2 -->
